2025-05-27 16:04:16,267 INFO: Data Analyzer application startup - Logging to file initialized. [in d:/Investment Codes/Codes/Developement/Data_Analizer/app.py:41]
2025-05-27 16:04:16,267 INFO: CSRF protection initialized. [in d:/Investment Codes/Codes/Developement/Data_Analizer/app.py:51]
2025-05-27 16:04:18,066 INFO: Starting Flask development server (debug mode: False). Access at http://0.0.0.0:5000 [in d:/Investment Codes/Codes/Developement/Data_Analizer/app.py:97]
2025-05-27 16:04:19,245 INFO: Data Analyzer application startup - Logging to file initialized. [in d:\Investment Codes\Codes\Developement\Data_Analizer\app.py:41]
2025-05-27 16:04:19,272 INFO: CSRF protection initialized. [in d:\Investment Codes\Codes\Developement\Data_Analizer\app.py:51]
2025-05-27 16:04:20,844 INFO: Starting Flask development server (debug mode: False). Access at http://0.0.0.0:5000 [in d:\Investment Codes\Codes\Developement\Data_Analizer\app.py:97]
2025-05-27 16:04:31,881 INFO: Home route accessed. Method: GET [in d:\Investment Codes\Codes\Developement\Data_Analizer\modules\routes\home.py:18]
2025-05-27 16:04:31,882 INFO: GET request: Displaying page for previously selected ticker (from session): 'גכיגכע'. [in d:\Investment Codes\Codes\Developement\Data_Analizer\modules\routes\home.py:134]
2025-05-27 16:04:34,307 INFO: Home route accessed. Method: POST [in d:\Investment Codes\Codes\Developement\Data_Analizer\modules\routes\home.py:18]
2025-05-27 16:04:34,308 WARNING: POST request: Ticker 'גכיגכע' failed character validation. Pattern: ^[A-Z0-9.\-^]+$ [in d:\Investment Codes\Codes\Developement\Data_Analizer\modules\routes\home.py:46]
2025-05-27 16:04:39,438 INFO: Home route accessed. Method: POST [in d:\Investment Codes\Codes\Developement\Data_Analizer\modules\routes\home.py:18]
2025-05-27 16:04:39,440 INFO: POST request: Ticker symbol 'DFHFHFG' received, validated, and set in session. [in d:\Investment Codes\Codes\Developement\Data_Analizer\modules\routes\home.py:53]
2025-05-27 16:04:39,441 INFO: Attempting to get company name for ticker: 'DFHFHFG' [in d:\Investment Codes\Codes\Developement\Data_Analizer\modules\routes\home.py:56]
2025-05-27 16:04:39,442 INFO: CACHE MISS/EXPIRED for company name: 'DFHFHFG'. Fetching FRESH from yfinance... [in d:\Investment Codes\Codes\Developement\Data_Analizer\modules\price_history.py:53]
2025-05-27 16:04:40,294 ERROR: Error fetching company name for 'DFHFHFG' with yfinance: HTTP Error 404:  [in d:\Investment Codes\Codes\Developement\Data_Analizer\modules\price_history.py:67]
2025-05-27 16:04:40,294 WARNING: Returning ticker symbol 'DFHFHFG' as fallback company name due to error. [in d:\Investment Codes\Codes\Developement\Data_Analizer\modules\price_history.py:68]
2025-05-27 16:04:40,294 INFO: Company name for 'DFHFHFG': 'DFHFHFG' [in d:\Investment Codes\Codes\Developement\Data_Analizer\modules\routes\home.py:58]
2025-05-27 16:04:40,294 INFO: Attempting to get daily (3y) price history for 'DFHFHFG'. [in d:\Investment Codes\Codes\Developement\Data_Analizer\modules\routes\home.py:69]
2025-05-27 16:04:40,294 INFO: Attempting to fetch/retrieve price history for DFHFHFG (P:3y, I:1d). [in d:\Investment Codes\Codes\Developement\Data_Analizer\modules\price_history.py:23]
2025-05-27 16:04:40,294 INFO: CACHE MISS/EXPIRED for price data: DFHFHFG (P:3y, I:1d). Fetching FRESH from yfinance... [in d:\Investment Codes\Codes\Developement\Data_Analizer\modules\price_history.py:32]
2025-05-27 16:04:41,002 ERROR: Error fetching price data for DFHFHFG (P:3y, I:1d) with yfinance: HTTP Error 404:  [in d:\Investment Codes\Codes\Developement\Data_Analizer\modules\price_history.py:45]
2025-05-27 16:04:41,003 WARNING: No daily price data returned or data is empty for 'DFHFHFG'. [in d:\Investment Codes\Codes\Developement\Data_Analizer\modules\routes\home.py:80]
2025-05-27 16:04:41,006 INFO: Attempting to get weekly (5y) price history for 'DFHFHFG'. [in d:\Investment Codes\Codes\Developement\Data_Analizer\modules\routes\home.py:89]
2025-05-27 16:04:41,006 INFO: Attempting to fetch/retrieve price history for DFHFHFG (P:5y, I:1wk). [in d:\Investment Codes\Codes\Developement\Data_Analizer\modules\price_history.py:23]
2025-05-27 16:04:41,008 INFO: CACHE MISS/EXPIRED for price data: DFHFHFG (P:5y, I:1wk). Fetching FRESH from yfinance... [in d:\Investment Codes\Codes\Developement\Data_Analizer\modules\price_history.py:32]
2025-05-27 16:04:41,370 ERROR: Error fetching price data for DFHFHFG (P:5y, I:1wk) with yfinance: HTTP Error 404:  [in d:\Investment Codes\Codes\Developement\Data_Analizer\modules\price_history.py:45]
2025-05-27 16:04:41,370 WARNING: No weekly price data returned or data is empty for 'DFHFHFG'. [in d:\Investment Codes\Codes\Developement\Data_Analizer\modules\routes\home.py:99]
2025-05-27 16:04:41,370 INFO: Attempting to get monthly (10y) price history for 'DFHFHFG'. [in d:\Investment Codes\Codes\Developement\Data_Analizer\modules\routes\home.py:108]
2025-05-27 16:04:41,370 INFO: Attempting to fetch/retrieve price history for DFHFHFG (P:10y, I:1mo). [in d:\Investment Codes\Codes\Developement\Data_Analizer\modules\price_history.py:23]
2025-05-27 16:04:41,370 INFO: CACHE MISS/EXPIRED for price data: DFHFHFG (P:10y, I:1mo). Fetching FRESH from yfinance... [in d:\Investment Codes\Codes\Developement\Data_Analizer\modules\price_history.py:32]
2025-05-27 16:04:41,725 WARNING: No price data returned by yfinance for DFHFHFG (P:10y, I:1mo) [in d:\Investment Codes\Codes\Developement\Data_Analizer\modules\price_history.py:40]
2025-05-27 16:04:41,725 WARNING: No monthly price data returned or data is empty for 'DFHFHFG'. [in d:\Investment Codes\Codes\Developement\Data_Analizer\modules\routes\home.py:118]
2025-05-27 16:04:46,468 INFO: Home route accessed. Method: POST [in d:\Investment Codes\Codes\Developement\Data_Analizer\modules\routes\home.py:18]
2025-05-27 16:04:46,469 INFO: POST request: Ticker symbol 'ASML' received, validated, and set in session. [in d:\Investment Codes\Codes\Developement\Data_Analizer\modules\routes\home.py:53]
2025-05-27 16:04:46,469 INFO: Attempting to get company name for ticker: 'ASML' [in d:\Investment Codes\Codes\Developement\Data_Analizer\modules\routes\home.py:56]
2025-05-27 16:04:46,470 INFO: CACHE MISS/EXPIRED for company name: 'ASML'. Fetching FRESH from yfinance... [in d:\Investment Codes\Codes\Developement\Data_Analizer\modules\price_history.py:53]
2025-05-27 16:04:47,168 INFO: Successfully fetched/retrieved company name for 'ASML': 'ASML Holding N.V.' [in d:\Investment Codes\Codes\Developement\Data_Analizer\modules\price_history.py:64]
2025-05-27 16:04:47,168 INFO: Company name for 'ASML': 'ASML Holding N.V.' [in d:\Investment Codes\Codes\Developement\Data_Analizer\modules\routes\home.py:58]
2025-05-27 16:04:47,168 INFO: Attempting to get daily (3y) price history for 'ASML'. [in d:\Investment Codes\Codes\Developement\Data_Analizer\modules\routes\home.py:69]
2025-05-27 16:04:47,168 INFO: Attempting to fetch/retrieve price history for ASML (P:3y, I:1d). [in d:\Investment Codes\Codes\Developement\Data_Analizer\modules\price_history.py:23]
2025-05-27 16:04:47,172 INFO: CACHE MISS/EXPIRED for price data: ASML (P:3y, I:1d). Fetching FRESH from yfinance... [in d:\Investment Codes\Codes\Developement\Data_Analizer\modules\price_history.py:32]
2025-05-27 16:04:47,473 INFO: Successfully fetched/retrieved price data for ASML (P:3y, I:1d). Rows: 753 [in d:\Investment Codes\Codes\Developement\Data_Analizer\modules\price_history.py:42]
2025-05-27 16:04:47,474 INFO: Daily data fetched successfully for 'ASML'. Creating chart (displaying last 2 years). [in d:\Investment Codes\Codes\Developement\Data_Analizer\modules\routes\home.py:72]
2025-05-27 16:04:47,475 INFO: Attempting to create candlestick chart. Title: 'ASML Holding N.V. (ASML) - מחירים יומיים (שנתיים אחרונות)', Display Years: 2 [in d:\Investment Codes\Codes\Developement\Data_Analizer\modules\chart_creator.py:7]
2025-05-27 16:04:48,790 INFO: Successfully created JSON for chart 'ASML Holding N.V. (ASML) - מחירים יומיים (שנתיים אחרונות)'. [in d:\Investment Codes\Codes\Developement\Data_Analizer\modules\chart_creator.py:82]
2025-05-27 16:04:48,792 INFO: Daily chart created for 'ASML'. [in d:\Investment Codes\Codes\Developement\Data_Analizer\modules\routes\home.py:78]
2025-05-27 16:04:48,793 INFO: Attempting to get weekly (5y) price history for 'ASML'. [in d:\Investment Codes\Codes\Developement\Data_Analizer\modules\routes\home.py:89]
2025-05-27 16:04:48,793 INFO: Attempting to fetch/retrieve price history for ASML (P:5y, I:1wk). [in d:\Investment Codes\Codes\Developement\Data_Analizer\modules\price_history.py:23]
2025-05-27 16:04:48,793 INFO: CACHE MISS/EXPIRED for price data: ASML (P:5y, I:1wk). Fetching FRESH from yfinance... [in d:\Investment Codes\Codes\Developement\Data_Analizer\modules\price_history.py:32]
2025-05-27 16:04:48,955 INFO: Successfully fetched/retrieved price data for ASML (P:5y, I:1wk). Rows: 261 [in d:\Investment Codes\Codes\Developement\Data_Analizer\modules\price_history.py:42]
2025-05-27 16:04:48,956 INFO: Weekly data fetched successfully for 'ASML'. Creating chart. [in d:\Investment Codes\Codes\Developement\Data_Analizer\modules\routes\home.py:92]
2025-05-27 16:04:48,956 INFO: Attempting to create candlestick chart. Title: 'ASML Holding N.V. (ASML) - מחירים שבועיים (5 שנים אחרונות)', Display Years: None [in d:\Investment Codes\Codes\Developement\Data_Analizer\modules\chart_creator.py:7]
2025-05-27 16:04:49,007 INFO: Successfully created JSON for chart 'ASML Holding N.V. (ASML) - מחירים שבועיים (5 שנים אחרונות)'. [in d:\Investment Codes\Codes\Developement\Data_Analizer\modules\chart_creator.py:82]
2025-05-27 16:04:49,007 INFO: Weekly chart created for 'ASML'. [in d:\Investment Codes\Codes\Developement\Data_Analizer\modules\routes\home.py:97]
2025-05-27 16:04:49,007 INFO: Attempting to get monthly (10y) price history for 'ASML'. [in d:\Investment Codes\Codes\Developement\Data_Analizer\modules\routes\home.py:108]
2025-05-27 16:04:49,007 INFO: Attempting to fetch/retrieve price history for ASML (P:10y, I:1mo). [in d:\Investment Codes\Codes\Developement\Data_Analizer\modules\price_history.py:23]
2025-05-27 16:04:49,007 INFO: CACHE MISS/EXPIRED for price data: ASML (P:10y, I:1mo). Fetching FRESH from yfinance... [in d:\Investment Codes\Codes\Developement\Data_Analizer\modules\price_history.py:32]
2025-05-27 16:04:49,202 INFO: Successfully fetched/retrieved price data for ASML (P:10y, I:1mo). Rows: 120 [in d:\Investment Codes\Codes\Developement\Data_Analizer\modules\price_history.py:42]
2025-05-27 16:04:49,203 INFO: Monthly data fetched successfully for 'ASML'. Creating chart. [in d:\Investment Codes\Codes\Developement\Data_Analizer\modules\routes\home.py:111]
2025-05-27 16:04:49,210 INFO: Attempting to create candlestick chart. Title: 'ASML Holding N.V. (ASML) - מחירים חודשיים (10 שנים אחרונות)', Display Years: None [in d:\Investment Codes\Codes\Developement\Data_Analizer\modules\chart_creator.py:7]
2025-05-27 16:04:49,254 INFO: Successfully created JSON for chart 'ASML Holding N.V. (ASML) - מחירים חודשיים (10 שנים אחרונות)'. [in d:\Investment Codes\Codes\Developement\Data_Analizer\modules\chart_creator.py:82]
2025-05-27 16:04:49,256 INFO: Monthly chart created for 'ASML'. [in d:\Investment Codes\Codes\Developement\Data_Analizer\modules\routes\home.py:116]
2025-05-27 16:08:42,730 INFO: Data Analyzer application startup - Logging to file initialized. [in D:\Investment Codes\Codes\Developement\Data_Analizer\app.py:41]
2025-05-27 16:08:42,730 INFO: CSRF protection initialized. [in D:\Investment Codes\Codes\Developement\Data_Analizer\app.py:51]
2025-05-27 16:08:44,675 INFO: Home route accessed. Method: GET [in D:\Investment Codes\Codes\Developement\Data_Analizer\modules\routes\home.py:18]
2025-05-27 16:08:44,675 INFO: GET request: No ticker in session, displaying initial empty home page. [in D:\Investment Codes\Codes\Developement\Data_Analizer\modules\routes\home.py:137]
2025-05-27 16:09:37,883 INFO: Data Analyzer application startup - Logging to file initialized. [in d:/Investment Codes/Codes/Developement/Data_Analizer/app.py:41]
2025-05-27 16:09:37,883 INFO: CSRF protection initialized. [in d:/Investment Codes/Codes/Developement/Data_Analizer/app.py:51]
2025-05-27 16:09:39,527 INFO: Starting Flask development server (debug mode: False). Access at http://0.0.0.0:5000 [in d:/Investment Codes/Codes/Developement/Data_Analizer/app.py:97]
2025-05-27 16:09:40,618 INFO: Data Analyzer application startup - Logging to file initialized. [in d:\Investment Codes\Codes\Developement\Data_Analizer\app.py:41]
2025-05-27 16:09:40,618 INFO: CSRF protection initialized. [in d:\Investment Codes\Codes\Developement\Data_Analizer\app.py:51]
2025-05-27 16:09:42,520 INFO: Starting Flask development server (debug mode: False). Access at http://0.0.0.0:5000 [in d:\Investment Codes\Codes\Developement\Data_Analizer\app.py:97]
2025-05-27 16:09:46,048 INFO: Home route accessed. Method: GET [in d:\Investment Codes\Codes\Developement\Data_Analizer\modules\routes\home.py:18]
2025-05-27 16:09:46,049 INFO: GET request: Displaying page for previously selected ticker (from session): 'ASML'. [in d:\Investment Codes\Codes\Developement\Data_Analizer\modules\routes\home.py:134]
2025-05-27 16:09:48,702 INFO: Home route accessed. Method: POST [in d:\Investment Codes\Codes\Developement\Data_Analizer\modules\routes\home.py:18]
2025-05-27 16:09:48,703 INFO: POST request: Ticker symbol 'ASML' received, validated, and set in session. [in d:\Investment Codes\Codes\Developement\Data_Analizer\modules\routes\home.py:53]
2025-05-27 16:09:48,704 INFO: Attempting to get company name for ticker: 'ASML' [in d:\Investment Codes\Codes\Developement\Data_Analizer\modules\routes\home.py:56]
2025-05-27 16:09:48,704 INFO: CACHE MISS/EXPIRED for company name: 'ASML'. Fetching FRESH from yfinance... [in d:\Investment Codes\Codes\Developement\Data_Analizer\modules\price_history.py:53]
2025-05-27 16:09:49,549 INFO: Successfully fetched/retrieved company name for 'ASML': 'ASML Holding N.V.' [in d:\Investment Codes\Codes\Developement\Data_Analizer\modules\price_history.py:64]
2025-05-27 16:09:49,552 INFO: Company name for 'ASML': 'ASML Holding N.V.' [in d:\Investment Codes\Codes\Developement\Data_Analizer\modules\routes\home.py:58]
2025-05-27 16:09:49,554 INFO: Attempting to get daily (3y) price history for 'ASML'. [in d:\Investment Codes\Codes\Developement\Data_Analizer\modules\routes\home.py:69]
2025-05-27 16:09:49,555 INFO: Attempting to fetch/retrieve price history for ASML (P:3y, I:1d). [in d:\Investment Codes\Codes\Developement\Data_Analizer\modules\price_history.py:23]
2025-05-27 16:09:49,555 INFO: CACHE MISS/EXPIRED for price data: ASML (P:3y, I:1d). Fetching FRESH from yfinance... [in d:\Investment Codes\Codes\Developement\Data_Analizer\modules\price_history.py:32]
2025-05-27 16:09:49,877 INFO: Successfully fetched/retrieved price data for ASML (P:3y, I:1d). Rows: 753 [in d:\Investment Codes\Codes\Developement\Data_Analizer\modules\price_history.py:42]
2025-05-27 16:09:49,877 INFO: Daily data fetched successfully for 'ASML'. Creating chart (displaying last 2 years). [in d:\Investment Codes\Codes\Developement\Data_Analizer\modules\routes\home.py:72]
2025-05-27 16:09:49,877 INFO: Attempting to create candlestick chart. Title: 'ASML Holding N.V. (ASML) - מחירים יומיים (שנתיים אחרונות)', Display Years: 2 [in d:\Investment Codes\Codes\Developement\Data_Analizer\modules\chart_creator.py:7]
2025-05-27 16:09:51,291 INFO: Successfully created JSON for chart 'ASML Holding N.V. (ASML) - מחירים יומיים (שנתיים אחרונות)'. [in d:\Investment Codes\Codes\Developement\Data_Analizer\modules\chart_creator.py:82]
2025-05-27 16:09:51,291 INFO: Daily chart created for 'ASML'. [in d:\Investment Codes\Codes\Developement\Data_Analizer\modules\routes\home.py:78]
2025-05-27 16:09:51,294 INFO: Attempting to get weekly (5y) price history for 'ASML'. [in d:\Investment Codes\Codes\Developement\Data_Analizer\modules\routes\home.py:89]
2025-05-27 16:09:51,295 INFO: Attempting to fetch/retrieve price history for ASML (P:5y, I:1wk). [in d:\Investment Codes\Codes\Developement\Data_Analizer\modules\price_history.py:23]
2025-05-27 16:09:51,296 INFO: CACHE MISS/EXPIRED for price data: ASML (P:5y, I:1wk). Fetching FRESH from yfinance... [in d:\Investment Codes\Codes\Developement\Data_Analizer\modules\price_history.py:32]
2025-05-27 16:09:51,518 INFO: Successfully fetched/retrieved price data for ASML (P:5y, I:1wk). Rows: 261 [in d:\Investment Codes\Codes\Developement\Data_Analizer\modules\price_history.py:42]
2025-05-27 16:09:51,519 INFO: Weekly data fetched successfully for 'ASML'. Creating chart. [in d:\Investment Codes\Codes\Developement\Data_Analizer\modules\routes\home.py:92]
2025-05-27 16:09:51,520 INFO: Attempting to create candlestick chart. Title: 'ASML Holding N.V. (ASML) - מחירים שבועיים (5 שנים אחרונות)', Display Years: None [in d:\Investment Codes\Codes\Developement\Data_Analizer\modules\chart_creator.py:7]
2025-05-27 16:09:51,593 INFO: Successfully created JSON for chart 'ASML Holding N.V. (ASML) - מחירים שבועיים (5 שנים אחרונות)'. [in d:\Investment Codes\Codes\Developement\Data_Analizer\modules\chart_creator.py:82]
2025-05-27 16:09:51,593 INFO: Weekly chart created for 'ASML'. [in d:\Investment Codes\Codes\Developement\Data_Analizer\modules\routes\home.py:97]
2025-05-27 16:09:51,593 INFO: Attempting to get monthly (10y) price history for 'ASML'. [in d:\Investment Codes\Codes\Developement\Data_Analizer\modules\routes\home.py:108]
2025-05-27 16:09:51,593 INFO: Attempting to fetch/retrieve price history for ASML (P:10y, I:1mo). [in d:\Investment Codes\Codes\Developement\Data_Analizer\modules\price_history.py:23]
2025-05-27 16:09:51,593 INFO: CACHE MISS/EXPIRED for price data: ASML (P:10y, I:1mo). Fetching FRESH from yfinance... [in d:\Investment Codes\Codes\Developement\Data_Analizer\modules\price_history.py:32]
2025-05-27 16:09:51,789 INFO: Successfully fetched/retrieved price data for ASML (P:10y, I:1mo). Rows: 120 [in d:\Investment Codes\Codes\Developement\Data_Analizer\modules\price_history.py:42]
2025-05-27 16:09:51,790 INFO: Monthly data fetched successfully for 'ASML'. Creating chart. [in d:\Investment Codes\Codes\Developement\Data_Analizer\modules\routes\home.py:111]
2025-05-27 16:09:51,791 INFO: Attempting to create candlestick chart. Title: 'ASML Holding N.V. (ASML) - מחירים חודשיים (10 שנים אחרונות)', Display Years: None [in d:\Investment Codes\Codes\Developement\Data_Analizer\modules\chart_creator.py:7]
2025-05-27 16:09:51,840 INFO: Successfully created JSON for chart 'ASML Holding N.V. (ASML) - מחירים חודשיים (10 שנים אחרונות)'. [in d:\Investment Codes\Codes\Developement\Data_Analizer\modules\chart_creator.py:82]
2025-05-27 16:09:51,842 INFO: Monthly chart created for 'ASML'. [in d:\Investment Codes\Codes\Developement\Data_Analizer\modules\routes\home.py:116]
2025-05-27 16:09:57,407 INFO: Home route accessed. Method: POST [in d:\Investment Codes\Codes\Developement\Data_Analizer\modules\routes\home.py:18]
2025-05-27 16:09:57,410 WARNING: POST request: Ticker 'ACVGNVGN DGFH' failed length validation (Length: 13). Expected 1-12 chars. [in d:\Investment Codes\Codes\Developement\Data_Analizer\modules\routes\home.py:40]
